\BOOKMARK [1][-]{section.1}{Introdu\347\343o}{}% 1
\BOOKMARK [1][-]{section.2}{Dilemas \351ticos}{}% 2
\BOOKMARK [1][-]{section.3}{An\341lise Tecnol\363gica}{}% 3
\BOOKMARK [1][-]{section.4}{Se\347\365es do texto}{}% 4
\BOOKMARK [2][-]{subsection.4.1}{An\341lise contextualizada das tecnologias de informa\347\343o e comunica\347\343o}{section.4}% 5
\BOOKMARK [2][-]{subsection.4.2}{Momento Jur\355dico ou Legal}{section.4}% 6
\BOOKMARK [2][-]{subsection.4.3}{Emprego dos conte\372dos e conceitos j\341 abordados na disciplina}{section.4}% 7
\BOOKMARK [1][-]{section.5}{Rubrica de avalia\347\343o do artigo}{}% 8
\BOOKMARK [2][-]{subsection.5.1}{Adota formato de artigo cient\355fico}{section.5}% 9
\BOOKMARK [2][-]{subsection.5.2}{Compreende os artigos originais}{section.5}% 10
\BOOKMARK [2][-]{subsection.5.3}{Dilemas e momentos \351ticos}{section.5}% 11
\BOOKMARK [2][-]{subsection.5.4}{An\341lise Tecnol\363gica}{section.5}% 12
\BOOKMARK [2][-]{subsection.5.5}{An\341lise legal ou jur\355dica}{section.5}% 13
\BOOKMARK [2][-]{subsection.5.6}{Utiliza\347\343o dos outros conte\372dos abordados na disciplina}{section.5}% 14
\BOOKMARK [2][-]{subsection.5.7}{Conclus\365es}{section.5}% 15
\BOOKMARK [1][-]{section.6}{Mais orienta\347\365es sobre organiza\347\343o do artigo}{}% 16
\BOOKMARK [2][-]{subsection.6.1}{Tabelas e quadros}{section.6}% 17
\BOOKMARK [2][-]{subsection.6.2}{Figuras, diagramas e imagens}{section.6}% 18
\BOOKMARK [2][-]{subsection.6.3}{Uso de cita\347\365es e refer\352ncias}{section.6}% 19
\BOOKMARK [1][-]{section.7}{Conclus\365es}{}% 20
